<?xml version="1.0" encoding="UTF-8"?>
<testng-results skipped="0" failed="1" ignored="0" total="1" passed="0">
  <reporter-output>
    <line>
      <![CDATA[Setting up Reports and Test is getting ready ]]>
    </line>
    <line>
      <![CDATA[Setting up is complete ]]>
    </line>
    <line>
      <![CDATA[Browser is getting ready to started]]>
    </line>
    <line>
      <![CDATA[Browser is started ]]>
    </line>
    <line>
      <![CDATA[Application is getting ready to teardown]]>
    </line>
    <line>
      <![CDATA[Report is getting ready based on the test cases]]>
    </line>
  </reporter-output>
  <suite name="Suite" duration-ms="67489" started-at="2021-02-23T16:44:53Z" finished-at="2021-02-23T16:46:01Z">
    <groups>
    </groups>
    <test name="Test" duration-ms="67489" started-at="2021-02-23T16:44:53Z" finished-at="2021-02-23T16:46:01Z">
      <class name="com.learningframework.TestCases.LoginintoApplication">
        <test-method status="PASS" signature="setupSuite()[pri:0, instance:com.learningframework.TestCases.LoginintoApplication@1a04f701]" name="setupSuite" is-config="true" duration-ms="1367" started-at="2021-02-23T11:44:52Z" finished-at="2021-02-23T11:44:53Z">
          <reporter-output>
            <line>
              <![CDATA[Setting up Reports and Test is getting ready ]]>
            </line>
            <line>
              <![CDATA[Setting up is complete ]]>
            </line>
          </reporter-output>
        </test-method> <!-- setupSuite -->
        <test-method status="PASS" signature="browserStartup()[pri:0, instance:com.learningframework.TestCases.LoginintoApplication@1a04f701]" name="browserStartup" is-config="true" duration-ms="32917" started-at="2021-02-23T11:44:53Z" finished-at="2021-02-23T11:45:26Z">
          <reporter-output>
            <line>
              <![CDATA[Browser is getting ready to started]]>
            </line>
            <line>
              <![CDATA[Browser is started ]]>
            </line>
          </reporter-output>
        </test-method> <!-- browserStartup -->
        <test-method status="FAIL" signature="startBrowser()[pri:1, instance:com.learningframework.TestCases.LoginintoApplication@1a04f701]" name="startBrowser" duration-ms="32211" started-at="2021-02-23T11:45:26Z" finished-at="2021-02-23T11:45:59Z">
          <exception class="org.openqa.selenium.NoSuchElementException">
            <message>
              <![CDATA[no such element: Unable to locate element: {"method":"css selector","selector":"*[name='email1']"}
  (Session info: chrome=88.0.4324.182)
For documentation on this error, please visit: http://seleniumhq.org/exceptions/no_such_element.html
Build info: version: '3.14.0', revision: 'aacccce0', time: '2018-08-02T20:19:58.91Z'
System info: host: 'DESKTOP-6R231H0', ip: '192.168.1.231', os.name: 'Windows 10', os.arch: 'amd64', os.version: '10.0', java.version: '1.8.0_261'
Driver info: org.openqa.selenium.chrome.ChromeDriver
Capabilities {acceptInsecureCerts: false, browserName: chrome, browserVersion: 88.0.4324.182, chrome: {chromedriverVersion: 88.0.4324.96 (68dba2d8a0b14..., userDataDir: C:\Users\giris\AppData\Loca...}, goog:chromeOptions: {debuggerAddress: localhost:50166}, javascriptEnabled: true, networkConnectionEnabled: false, pageLoadStrategy: normal, platform: WINDOWS, platformName: WINDOWS, proxy: Proxy(), setWindowRect: true, strictFileInteractability: false, timeouts: {implicit: 0, pageLoad: 300000, script: 30000}, unhandledPromptBehavior: dismiss and notify, webauthn:extension:largeBlob: true, webauthn:virtualAuthenticators: true}
Session ID: d4d1e55e165f38b05cc6626e48c1ef0d
*** Element info: {Using=name, value=email1}]]>
            </message>
            <full-stacktrace>
              <![CDATA[org.openqa.selenium.NoSuchElementException: no such element: Unable to locate element: {"method":"css selector","selector":"*[name='email1']"}
  (Session info: chrome=88.0.4324.182)
For documentation on this error, please visit: http://seleniumhq.org/exceptions/no_such_element.html
Build info: version: '3.14.0', revision: 'aacccce0', time: '2018-08-02T20:19:58.91Z'
System info: host: 'DESKTOP-6R231H0', ip: '192.168.1.231', os.name: 'Windows 10', os.arch: 'amd64', os.version: '10.0', java.version: '1.8.0_261'
Driver info: org.openqa.selenium.chrome.ChromeDriver
Capabilities {acceptInsecureCerts: false, browserName: chrome, browserVersion: 88.0.4324.182, chrome: {chromedriverVersion: 88.0.4324.96 (68dba2d8a0b14..., userDataDir: C:\Users\giris\AppData\Loca...}, goog:chromeOptions: {debuggerAddress: localhost:50166}, javascriptEnabled: true, networkConnectionEnabled: false, pageLoadStrategy: normal, platform: WINDOWS, platformName: WINDOWS, proxy: Proxy(), setWindowRect: true, strictFileInteractability: false, timeouts: {implicit: 0, pageLoad: 300000, script: 30000}, unhandledPromptBehavior: dismiss and notify, webauthn:extension:largeBlob: true, webauthn:virtualAuthenticators: true}
Session ID: d4d1e55e165f38b05cc6626e48c1ef0d
*** Element info: {Using=name, value=email1}
	at sun.reflect.NativeConstructorAccessorImpl.newInstance0(Native Method)
	at sun.reflect.NativeConstructorAccessorImpl.newInstance(Unknown Source)
	at sun.reflect.DelegatingConstructorAccessorImpl.newInstance(Unknown Source)
	at java.lang.reflect.Constructor.newInstance(Unknown Source)
	at org.openqa.selenium.remote.http.W3CHttpResponseCodec.createException(W3CHttpResponseCodec.java:187)
	at org.openqa.selenium.remote.http.W3CHttpResponseCodec.decode(W3CHttpResponseCodec.java:122)
	at org.openqa.selenium.remote.http.W3CHttpResponseCodec.decode(W3CHttpResponseCodec.java:49)
	at org.openqa.selenium.remote.HttpCommandExecutor.execute(HttpCommandExecutor.java:158)
	at org.openqa.selenium.remote.service.DriverCommandExecutor.execute(DriverCommandExecutor.java:83)
	at org.openqa.selenium.remote.RemoteWebDriver.execute(RemoteWebDriver.java:548)
	at org.openqa.selenium.remote.RemoteWebDriver.findElement(RemoteWebDriver.java:322)
	at org.openqa.selenium.remote.RemoteWebDriver.findElementByName(RemoteWebDriver.java:400)
	at org.openqa.selenium.By$ByName.findElement(By.java:284)
	at org.openqa.selenium.remote.RemoteWebDriver.findElement(RemoteWebDriver.java:314)
	at org.openqa.selenium.support.pagefactory.DefaultElementLocator.findElement(DefaultElementLocator.java:69)
	at org.openqa.selenium.support.pagefactory.internal.LocatingElementHandler.invoke(LocatingElementHandler.java:38)
	at com.sun.proxy.$Proxy11.sendKeys(Unknown Source)
	at com.learningframework.pages.CRMLoginPage.login(CRMLoginPage.java:30)
	at com.learningframework.TestCases.LoginintoApplication.startBrowser(LoginintoApplication.java:25)
	at sun.reflect.NativeMethodAccessorImpl.invoke0(Native Method)
	at sun.reflect.NativeMethodAccessorImpl.invoke(Unknown Source)
	at sun.reflect.DelegatingMethodAccessorImpl.invoke(Unknown Source)
	at java.lang.reflect.Method.invoke(Unknown Source)
	at org.testng.internal.MethodInvocationHelper.invokeMethod(MethodInvocationHelper.java:108)
	at org.testng.internal.Invoker.invokeMethod(Invoker.java:661)
	at org.testng.internal.Invoker.invokeTestMethod(Invoker.java:869)
	at org.testng.internal.Invoker.invokeTestMethods(Invoker.java:1193)
	at org.testng.internal.TestMethodWorker.invokeTestMethods(TestMethodWorker.java:126)
	at org.testng.internal.TestMethodWorker.run(TestMethodWorker.java:109)
	at org.testng.TestRunner.privateRun(TestRunner.java:744)
	at org.testng.TestRunner.run(TestRunner.java:602)
	at org.testng.SuiteRunner.runTest(SuiteRunner.java:380)
	at org.testng.SuiteRunner.runSequentially(SuiteRunner.java:375)
	at org.testng.SuiteRunner.privateRun(SuiteRunner.java:340)
	at org.testng.SuiteRunner.run(SuiteRunner.java:289)
	at org.testng.SuiteRunnerWorker.runSuite(SuiteRunnerWorker.java:52)
	at org.testng.SuiteRunnerWorker.run(SuiteRunnerWorker.java:86)
	at org.testng.TestNG.runSuitesSequentially(TestNG.java:1301)
	at org.testng.TestNG.runSuitesLocally(TestNG.java:1226)
	at org.testng.TestNG.runSuites(TestNG.java:1144)
	at org.testng.TestNG.run(TestNG.java:1115)
	at org.testng.remote.AbstractRemoteTestNG.run(AbstractRemoteTestNG.java:115)
	at org.testng.remote.RemoteTestNG.initAndRun(RemoteTestNG.java:251)
	at org.testng.remote.RemoteTestNG.main(RemoteTestNG.java:77)
]]>
            </full-stacktrace>
          </exception> <!-- org.openqa.selenium.NoSuchElementException -->
          <reporter-output>
          </reporter-output>
        </test-method> <!-- startBrowser -->
        <test-method status="PASS" signature="teardownScreenshot(org.testng.ITestResult)[pri:0, instance:com.learningframework.TestCases.LoginintoApplication@1a04f701]" name="teardownScreenshot" is-config="true" duration-ms="1066" started-at="2021-02-23T11:45:59Z" finished-at="2021-02-23T11:46:00Z">
          <params>
            <param index="0">
              <value>
                <![CDATA[[TestResult name=startBrowser status=FAILURE method=LoginintoApplication.startBrowser()[pri:1, instance:com.learningframework.TestCases.LoginintoApplication@1a04f701] output={null}]]]>
              </value>
            </param>
          </params>
          <reporter-output>
            <line>
              <![CDATA[Application is getting ready to teardown]]>
            </line>
            <line>
              <![CDATA[Report is getting ready based on the test cases]]>
            </line>
          </reporter-output>
        </test-method> <!-- teardownScreenshot -->
        <test-method status="PASS" signature="teardown()[pri:0, instance:com.learningframework.TestCases.LoginintoApplication@1a04f701]" name="teardown" is-config="true" duration-ms="1242" started-at="2021-02-23T11:46:00Z" finished-at="2021-02-23T11:46:01Z">
          <reporter-output>
          </reporter-output>
        </test-method> <!-- teardown -->
      </class> <!-- com.learningframework.TestCases.LoginintoApplication -->
    </test> <!-- Test -->
  </suite> <!-- Suite -->
</testng-results>
